c:\users\jyj\desktop\work\work\work\release\vc141.pdb
c:\users\jyj\desktop\work\work\work\release\structs.obj
c:\users\jyj\desktop\work\work\work\release\shopping_cart.obj
c:\users\jyj\desktop\work\work\work\release\season.obj
c:\users\jyj\desktop\work\work\work\release\reserve.obj
c:\users\jyj\desktop\work\work\work\release\add_spot.obj
c:\users\jyj\desktop\work\work\work\release\main.obj
c:\users\jyj\desktop\work\work\work\release\io.obj
c:\users\jyj\desktop\work\work\work\release\foo.obj
c:\users\jyj\desktop\work\work\release\work.exe
c:\users\jyj\desktop\work\work\release\work.pdb
c:\users\jyj\desktop\work\work\release\work.ipdb
c:\users\jyj\desktop\work\work\release\work.iobj
c:\users\jyj\desktop\work\work\work\release\work.tlog\cl.command.1.tlog
c:\users\jyj\desktop\work\work\work\release\work.tlog\cl.read.1.tlog
c:\users\jyj\desktop\work\work\work\release\work.tlog\cl.write.1.tlog
c:\users\jyj\desktop\work\work\work\release\work.tlog\link.command.1.tlog
c:\users\jyj\desktop\work\work\work\release\work.tlog\link.read.1.tlog
c:\users\jyj\desktop\work\work\work\release\work.tlog\link.write.1.tlog
c:\users\jyj\desktop\work\work\work\release\work.tlog\work.write.1u.tlog
